
Showing logs for build [32mcb-kubecd-environment-pr-167-66-gsc9n-1[0m stage [32mfrom-build-pack[0m and container [32mstep-credential-initializer-pwqlz[0m
{"level":"warn","ts":1582854250.0530183,"logger":"fallback-logger","caller":"logging/config.go:69","msg":"Fetch GitHub commit ID from kodata failed: \"ref: refs/heads/0.8.0-**-support-backwards-incompats\" is not a valid GitHub commit ID"}
{"level":"info","ts":1582854250.054121,"logger":"fallback-logger","caller":"creds-init/main.go:40","msg":"Credentials initialized."}

Showing logs for build [32mcb-kubecd-environment-pr-167-66-gsc9n-1[0m stage [32mfrom-build-pack[0m and container [32mstep-working-dir-initializer-gzspr[0m
{"level":"warn","ts":1582854250.6396706,"logger":"fallback-logger","caller":"logging/config.go:69","msg":"Fetch GitHub commit ID from kodata failed: open /var/run/ko/HEAD: no such file or directory"}
{"level":"info","ts":1582854250.64186,"logger":"fallback-logger","caller":"bash/main.go:64","msg":"Successfully executed command \"sh -c mkdir -p /workspace/source\"; output "}

Showing logs for build [32mcb-kubecd-environment-pr-167-66-gsc9n-1[0m stage [32mfrom-build-pack[0m and container [32mstep-place-tools[0m

Showing logs for build [32mcb-kubecd-environment-pr-167-66-gsc9n-1[0m stage [32mfrom-build-pack[0m and container [32mstep-git-source-cb-kubecd-environment-pr-167-66-gsc9n-6gfs9[0m
{"level":"warn","ts":1582854255.0273674,"logger":"fallback-logger","caller":"logging/config.go:69","msg":"Fetch GitHub commit ID from kodata failed: \"ref: refs/heads/0.8.0-**-support-backwards-incompats\" is not a valid GitHub commit ID"}
{"level":"info","ts":1582854256.0727854,"logger":"fallback-logger","caller":"git/git.go:103","msg":"Successfully cloned https://github.com/cb-kubecd/environment-pr-167-66-boot-gke-staging.git @ master in path /workspace/source"}

Showing logs for build [32mcb-kubecd-environment-pr-167-66-gsc9n-1[0m stage [32mfrom-build-pack[0m and container [32mstep-git-merge[0m
Using SHAs from PULL_REFS=master:9c7fc9b1e443f99a64aba3b852cab1fd59123f84,7:beec0ce91e0148159f6ba42346638383af9df598
DEBUG: LC_ALL=C JX_LOG_LEVEL=error git fetch origin --unshallow beec0ce91e0148159f6ba42346638383af9df598: 9c7fc9b1e443f99a64aba3b852cab1fd59123f84:
DEBUG: ran git fetch --unshallow origin beec0ce91e0148159f6ba42346638383af9df598: 9c7fc9b1e443f99a64aba3b852cab1fd59123f84: in 
DEBUG: LC_ALL=C JX_LOG_LEVEL=error git branch
DEBUG: JX_LOG_LEVEL=error LC_ALL=C git checkout master
DEBUG: ran git checkout master in 
DEBUG: LC_ALL=C JX_LOG_LEVEL=error git reset --hard 9c7fc9b1e443f99a64aba3b852cab1fd59123f84
DEBUG: ran git reset --hard 9c7fc9b1e443f99a64aba3b852cab1fd59123f84 in 
DEBUG: LC_ALL=C JX_LOG_LEVEL=error git clean -fd .
DEBUG: ran clean --force -d . in 
DEBUG: LC_ALL=C JX_LOG_LEVEL=error git merge beec0ce91e0148159f6ba42346638383af9df598
DEBUG: ran git merge beec0ce91e0148159f6ba42346638383af9df598 in 
DEBUG: LC_ALL=C JX_LOG_LEVEL=error git log --format=%H%x1f%an%x1f%ae%x1f%cn%x1f%ce%x1f%s%n%b%x1e 9c7fc9b1e443f99a64aba3b852cab1fd59123f84..HEAD
Merged SHA beec0ce91e0148159f6ba42346638383af9df598 with commit message 'chore: Promote bdd-sbhg-import-1582852771 to version 0.0.1' into base branch master

Showing logs for build [32mcb-kubecd-environment-pr-167-66-gsc9n-1[0m stage [32mfrom-build-pack[0m and container [32mstep-build-helm-build[0m
WARNING: No $CHART_REPOSITORY defined so using the default value of: http://jenkins-x-chartmuseum:8080
Adding missing Helm repo: storage.googleapis.com https://storage.googleapis.com/chartmuseum.jenkins-x.io
WARNING: No secrets found on "helm/repos" due: reading the secret "helm/repos" from vault: no secret "helm/repos" not found in vault
Read credentials for https://storage.googleapis.com/chartmuseum.jenkins-x.io from vault helm/repos
Successfully added Helm repository storage.googleapis.com.
Adding missing Helm repo: jenkins-x-chartmuseum http://jenkins-x-chartmuseum:8080
WARNING: No secrets found on "helm/repos" due: reading the secret "helm/repos" from vault: no secret "helm/repos" not found in vault
Read credentials for http://jenkins-x-chartmuseum:8080 from vault helm/repos
Successfully added Helm repository jenkins-x-chartmuseum.
WARNING: No $CHART_REPOSITORY defined so using the default value of: http://jenkins-x-chartmuseum:8080
Adding missing Helm repo: chartmuseum.jenkins-x.io http://chartmuseum.jenkins-x.io
WARNING: No secrets found on "helm/repos" due: reading the secret "helm/repos" from vault: no secret "helm/repos" not found in vault
Read credentials for http://chartmuseum.jenkins-x.io from vault helm/repos
Successfully added Helm repository chartmuseum.jenkins-x.io.
